[2021-06-14 08:26:15] local.ERROR: SQLSTATE[HY000] [1049] Unknown database 'salepropos' (SQL: select * from `general_settings` order by `created_at` desc limit 1) {"exception":"[object] (Illuminate\\Database\\QueryException(code: 1049): SQLSTATE[HY000] [1049] Unknown database 'salepropos' (SQL: select * from `general_settings` order by `created_at` desc limit 1) at D:\\xampp\\htdocs\\salepropos\\vendor\\laravel\\framework\\src\\Illuminate\\Database\\Connection.php:669)
[stacktrace]
#0 D:\\xampp\\htdocs\\salepropos\\vendor\\laravel\\framework\\src\\Illuminate\\Database\\Connection.php(629): Illuminate\\Database\\Connection->runQueryCallback('select * from `...', Array, Object(Closure))
#1 D:\\xampp\\htdocs\\salepropos\\vendor\\laravel\\framework\\src\\Illuminate\\Database\\Connection.php(338): Illuminate\\Database\\Connection->run('select * from `...', Array, Object(Closure))
#2 D:\\xampp\\htdocs\\salepropos\\vendor\\laravel\\framework\\src\\Illuminate\\Database\\Query\\Builder.php(2149): Illuminate\\Database\\Connection->select('select * from `...', Array, true)
#3 D:\\xampp\\htdocs\\salepropos\\vendor\\laravel\\framework\\src\\Illuminate\\Database\\Query\\Builder.php(2137): Illuminate\\Database\\Query\\Builder->runSelect()
#4 D:\\xampp\\htdocs\\salepropos\\vendor\\laravel\\framework\\src\\Illuminate\\Database\\Query\\Builder.php(2609): Illuminate\\Database\\Query\\Builder->Illuminate\\Database\\Query\\{closure}()
#5 D:\\xampp\\htdocs\\salepropos\\vendor\\laravel\\framework\\src\\Illuminate\\Database\\Query\\Builder.php(2138): Illuminate\\Database\\Query\\Builder->onceWithColumns(Array, Object(Closure))
#6 D:\\xampp\\htdocs\\salepropos\\vendor\\laravel\\framework\\src\\Illuminate\\Database\\Concerns\\BuildsQueries.php(143): Illuminate\\Database\\Query\\Builder->get(Array)
#7 D:\\xampp\\htdocs\\salepropos\\app\\Providers\\AppServiceProvider.php(41): Illuminate\\Database\\Query\\Builder->first()
#8 [internal function]: App\\Providers\\AppServiceProvider->boot()
#9 D:\\xampp\\htdocs\\salepropos\\vendor\\laravel\\framework\\src\\Illuminate\\Container\\BoundMethod.php(32): call_user_func_array(Array, Array)
#10 D:\\xampp\\htdocs\\salepropos\\vendor\\laravel\\framework\\src\\Illuminate\\Container\\Util.php(37): Illuminate\\Container\\BoundMethod::Illuminate\\Container\\{closure}()
#11 D:\\xampp\\htdocs\\salepropos\\vendor\\laravel\\framework\\src\\Illuminate\\Container\\BoundMethod.php(90): Illuminate\\Container\\Util::unwrapIfClosure(Object(Closure))
#12 D:\\xampp\\htdocs\\salepropos\\vendor\\laravel\\framework\\src\\Illuminate\\Container\\BoundMethod.php(34): Illuminate\\Container\\BoundMethod::callBoundMethod(Object(Illuminate\\Foundation\\Application), Array, Object(Closure))
#13 D:\\xampp\\htdocs\\salepropos\\vendor\\laravel\\framework\\src\\Illuminate\\Container\\Container.php(590): Illuminate\\Container\\BoundMethod::call(Object(Illuminate\\Foundation\\Application), Array, Array, NULL)
#14 D:\\xampp\\htdocs\\salepropos\\vendor\\laravel\\framework\\src\\Illuminate\\Foundation\\Application.php(856): Illuminate\\Container\\Container->call(Array)
#15 D:\\xampp\\htdocs\\salepropos\\vendor\\laravel\\framework\\src\\Illuminate\\Foundation\\Application.php(839): Illuminate\\Foundation\\Application->bootProvider(Object(App\\Providers\\AppServiceProvider))
#16 [internal function]: Illuminate\\Foundation\\Application->Illuminate\\Foundation\\{closure}(Object(App\\Providers\\AppServiceProvider), 24)
#17 D:\\xampp\\htdocs\\salepropos\\vendor\\laravel\\framework\\src\\Illuminate\\Foundation\\Application.php(840): array_walk(Array, Object(Closure))
#18 D:\\xampp\\htdocs\\salepropos\\vendor\\laravel\\framework\\src\\Illuminate\\Foundation\\Bootstrap\\BootProviders.php(17): Illuminate\\Foundation\\Application->boot()
#19 D:\\xampp\\htdocs\\salepropos\\vendor\\laravel\\framework\\src\\Illuminate\\Foundation\\Application.php(219): Illuminate\\Foundation\\Bootstrap\\BootProviders->bootstrap(Object(Illuminate\\Foundation\\Application))
#20 D:\\xampp\\htdocs\\salepropos\\vendor\\laravel\\framework\\src\\Illuminate\\Foundation\\Http\\Kernel.php(156): Illuminate\\Foundation\\Application->bootstrapWith(Array)
#21 D:\\xampp\\htdocs\\salepropos\\vendor\\laravel\\framework\\src\\Illuminate\\Foundation\\Http\\Kernel.php(140): Illuminate\\Foundation\\Http\\Kernel->bootstrap()
#22 D:\\xampp\\htdocs\\salepropos\\vendor\\laravel\\framework\\src\\Illuminate\\Foundation\\Http\\Kernel.php(110): Illuminate\\Foundation\\Http\\Kernel->sendRequestThroughRouter(Object(Illuminate\\Http\\Request))
#23 D:\\xampp\\htdocs\\salepropos\\index.php(55): Illuminate\\Foundation\\Http\\Kernel->handle(Object(Illuminate\\Http\\Request))
#24 {main}

[previous exception] [object] (Doctrine\\DBAL\\Driver\\PDO\\Exception(code: 1049): SQLSTATE[HY000] [1049] Unknown database 'salepropos' at D:\\xampp\\htdocs\\salepropos\\vendor\\doctrine\\dbal\\lib\\Doctrine\\DBAL\\Driver\\PDO\\Exception.php:18)
[stacktrace]
#0 D:\\xampp\\htdocs\\salepropos\\vendor\\doctrine\\dbal\\lib\\Doctrine\\DBAL\\Driver\\PDOConnection.php(41): Doctrine\\DBAL\\Driver\\PDO\\Exception::new(Object(PDOException))
#1 D:\\xampp\\htdocs\\salepropos\\vendor\\laravel\\framework\\src\\Illuminate\\Database\\Connectors\\Connector.php(67): Doctrine\\DBAL\\Driver\\PDOConnection->__construct('mysql:host=127....', 'root', '', Array)
#2 D:\\xampp\\htdocs\\salepropos\\vendor\\laravel\\framework\\src\\Illuminate\\Database\\Connectors\\Connector.php(46): Illuminate\\Database\\Connectors\\Connector->createPdoConnection('mysql:host=127....', 'root', '', Array)
#3 D:\\xampp\\htdocs\\salepropos\\vendor\\laravel\\framework\\src\\Illuminate\\Database\\Connectors\\MySqlConnector.php(24): Illuminate\\Database\\Connectors\\Connector->createConnection('mysql:host=127....', Array, Array)
#4 D:\\xampp\\htdocs\\salepropos\\vendor\\laravel\\framework\\src\\Illuminate\\Database\\Connectors\\ConnectionFactory.php(182): Illuminate\\Database\\Connectors\\MySqlConnector->connect(Array)
#5 [internal function]: Illuminate\\Database\\Connectors\\ConnectionFactory->Illuminate\\Database\\Connectors\\{closure}()
#6 D:\\xampp\\htdocs\\salepropos\\vendor\\laravel\\framework\\src\\Illuminate\\Database\\Connection.php(924): call_user_func(Object(Closure))
#7 D:\\xampp\\htdocs\\salepropos\\vendor\\laravel\\framework\\src\\Illuminate\\Database\\Connection.php(959): Illuminate\\Database\\Connection->getPdo()
#8 D:\\xampp\\htdocs\\salepropos\\vendor\\laravel\\framework\\src\\Illuminate\\Database\\Connection.php(404): Illuminate\\Database\\Connection->getReadPdo()
#9 D:\\xampp\\htdocs\\salepropos\\vendor\\laravel\\framework\\src\\Illuminate\\Database\\Connection.php(330): Illuminate\\Database\\Connection->getPdoForSelect(true)
#10 D:\\xampp\\htdocs\\salepropos\\vendor\\laravel\\framework\\src\\Illuminate\\Database\\Connection.php(662): Illuminate\\Database\\Connection->Illuminate\\Database\\{closure}('select * from `...', Array)
#11 D:\\xampp\\htdocs\\salepropos\\vendor\\laravel\\framework\\src\\Illuminate\\Database\\Connection.php(629): Illuminate\\Database\\Connection->runQueryCallback('select * from `...', Array, Object(Closure))
#12 D:\\xampp\\htdocs\\salepropos\\vendor\\laravel\\framework\\src\\Illuminate\\Database\\Connection.php(338): Illuminate\\Database\\Connection->run('select * from `...', Array, Object(Closure))
#13 D:\\xampp\\htdocs\\salepropos\\vendor\\laravel\\framework\\src\\Illuminate\\Database\\Query\\Builder.php(2149): Illuminate\\Database\\Connection->select('select * from `...', Array, true)
#14 D:\\xampp\\htdocs\\salepropos\\vendor\\laravel\\framework\\src\\Illuminate\\Database\\Query\\Builder.php(2137): Illuminate\\Database\\Query\\Builder->runSelect()
#15 D:\\xampp\\htdocs\\salepropos\\vendor\\laravel\\framework\\src\\Illuminate\\Database\\Query\\Builder.php(2609): Illuminate\\Database\\Query\\Builder->Illuminate\\Database\\Query\\{closure}()
#16 D:\\xampp\\htdocs\\salepropos\\vendor\\laravel\\framework\\src\\Illuminate\\Database\\Query\\Builder.php(2138): Illuminate\\Database\\Query\\Builder->onceWithColumns(Array, Object(Closure))
#17 D:\\xampp\\htdocs\\salepropos\\vendor\\laravel\\framework\\src\\Illuminate\\Database\\Concerns\\BuildsQueries.php(143): Illuminate\\Database\\Query\\Builder->get(Array)
#18 D:\\xampp\\htdocs\\salepropos\\app\\Providers\\AppServiceProvider.php(41): Illuminate\\Database\\Query\\Builder->first()
#19 [internal function]: App\\Providers\\AppServiceProvider->boot()
#20 D:\\xampp\\htdocs\\salepropos\\vendor\\laravel\\framework\\src\\Illuminate\\Container\\BoundMethod.php(32): call_user_func_array(Array, Array)
#21 D:\\xampp\\htdocs\\salepropos\\vendor\\laravel\\framework\\src\\Illuminate\\Container\\Util.php(37): Illuminate\\Container\\BoundMethod::Illuminate\\Container\\{closure}()
#22 D:\\xampp\\htdocs\\salepropos\\vendor\\laravel\\framework\\src\\Illuminate\\Container\\BoundMethod.php(90): Illuminate\\Container\\Util::unwrapIfClosure(Object(Closure))
#23 D:\\xampp\\htdocs\\salepropos\\vendor\\laravel\\framework\\src\\Illuminate\\Container\\BoundMethod.php(34): Illuminate\\Container\\BoundMethod::callBoundMethod(Object(Illuminate\\Foundation\\Application), Array, Object(Closure))
#24 D:\\xampp\\htdocs\\salepropos\\vendor\\laravel\\framework\\src\\Illuminate\\Container\\Container.php(590): Illuminate\\Container\\BoundMethod::call(Object(Illuminate\\Foundation\\Application), Array, Array, NULL)
#25 D:\\xampp\\htdocs\\salepropos\\vendor\\laravel\\framework\\src\\Illuminate\\Foundation\\Application.php(856): Illuminate\\Container\\Container->call(Array)
#26 D:\\xampp\\htdocs\\salepropos\\vendor\\laravel\\framework\\src\\Illuminate\\Foundation\\Application.php(839): Illuminate\\Foundation\\Application->bootProvider(Object(App\\Providers\\AppServiceProvider))
#27 [internal function]: Illuminate\\Foundation\\Application->Illuminate\\Foundation\\{closure}(Object(App\\Providers\\AppServiceProvider), 24)
#28 D:\\xampp\\htdocs\\salepropos\\vendor\\laravel\\framework\\src\\Illuminate\\Foundation\\Application.php(840): array_walk(Array, Object(Closure))
#29 D:\\xampp\\htdocs\\salepropos\\vendor\\laravel\\framework\\src\\Illuminate\\Foundation\\Bootstrap\\BootProviders.php(17): Illuminate\\Foundation\\Application->boot()
#30 D:\\xampp\\htdocs\\salepropos\\vendor\\laravel\\framework\\src\\Illuminate\\Foundation\\Application.php(219): Illuminate\\Foundation\\Bootstrap\\BootProviders->bootstrap(Object(Illuminate\\Foundation\\Application))
#31 D:\\xampp\\htdocs\\salepropos\\vendor\\laravel\\framework\\src\\Illuminate\\Foundation\\Http\\Kernel.php(156): Illuminate\\Foundation\\Application->bootstrapWith(Array)
#32 D:\\xampp\\htdocs\\salepropos\\vendor\\laravel\\framework\\src\\Illuminate\\Foundation\\Http\\Kernel.php(140): Illuminate\\Foundation\\Http\\Kernel->bootstrap()
#33 D:\\xampp\\htdocs\\salepropos\\vendor\\laravel\\framework\\src\\Illuminate\\Foundation\\Http\\Kernel.php(110): Illuminate\\Foundation\\Http\\Kernel->sendRequestThroughRouter(Object(Illuminate\\Http\\Request))
#34 D:\\xampp\\htdocs\\salepropos\\index.php(55): Illuminate\\Foundation\\Http\\Kernel->handle(Object(Illuminate\\Http\\Request))
#35 {main}

[previous exception] [object] (PDOException(code: 1049): SQLSTATE[HY000] [1049] Unknown database 'salepropos' at D:\\xampp\\htdocs\\salepropos\\vendor\\doctrine\\dbal\\lib\\Doctrine\\DBAL\\Driver\\PDOConnection.php:37)
[stacktrace]
#0 D:\\xampp\\htdocs\\salepropos\\vendor\\doctrine\\dbal\\lib\\Doctrine\\DBAL\\Driver\\PDOConnection.php(37): PDO->__construct('mysql:host=127....', 'root', '', Array)
#1 D:\\xampp\\htdocs\\salepropos\\vendor\\laravel\\framework\\src\\Illuminate\\Database\\Connectors\\Connector.php(67): Doctrine\\DBAL\\Driver\\PDOConnection->__construct('mysql:host=127....', 'root', '', Array)
#2 D:\\xampp\\htdocs\\salepropos\\vendor\\laravel\\framework\\src\\Illuminate\\Database\\Connectors\\Connector.php(46): Illuminate\\Database\\Connectors\\Connector->createPdoConnection('mysql:host=127....', 'root', '', Array)
#3 D:\\xampp\\htdocs\\salepropos\\vendor\\laravel\\framework\\src\\Illuminate\\Database\\Connectors\\MySqlConnector.php(24): Illuminate\\Database\\Connectors\\Connector->createConnection('mysql:host=127....', Array, Array)
#4 D:\\xampp\\htdocs\\salepropos\\vendor\\laravel\\framework\\src\\Illuminate\\Database\\Connectors\\ConnectionFactory.php(182): Illuminate\\Database\\Connectors\\MySqlConnector->connect(Array)
#5 [internal function]: Illuminate\\Database\\Connectors\\ConnectionFactory->Illuminate\\Database\\Connectors\\{closure}()
#6 D:\\xampp\\htdocs\\salepropos\\vendor\\laravel\\framework\\src\\Illuminate\\Database\\Connection.php(924): call_user_func(Object(Closure))
#7 D:\\xampp\\htdocs\\salepropos\\vendor\\laravel\\framework\\src\\Illuminate\\Database\\Connection.php(959): Illuminate\\Database\\Connection->getPdo()
#8 D:\\xampp\\htdocs\\salepropos\\vendor\\laravel\\framework\\src\\Illuminate\\Database\\Connection.php(404): Illuminate\\Database\\Connection->getReadPdo()
#9 D:\\xampp\\htdocs\\salepropos\\vendor\\laravel\\framework\\src\\Illuminate\\Database\\Connection.php(330): Illuminate\\Database\\Connection->getPdoForSelect(true)
#10 D:\\xampp\\htdocs\\salepropos\\vendor\\laravel\\framework\\src\\Illuminate\\Database\\Connection.php(662): Illuminate\\Database\\Connection->Illuminate\\Database\\{closure}('select * from `...', Array)
#11 D:\\xampp\\htdocs\\salepropos\\vendor\\laravel\\framework\\src\\Illuminate\\Database\\Connection.php(629): Illuminate\\Database\\Connection->runQueryCallback('select * from `...', Array, Object(Closure))
#12 D:\\xampp\\htdocs\\salepropos\\vendor\\laravel\\framework\\src\\Illuminate\\Database\\Connection.php(338): Illuminate\\Database\\Connection->run('select * from `...', Array, Object(Closure))
#13 D:\\xampp\\htdocs\\salepropos\\vendor\\laravel\\framework\\src\\Illuminate\\Database\\Query\\Builder.php(2149): Illuminate\\Database\\Connection->select('select * from `...', Array, true)
#14 D:\\xampp\\htdocs\\salepropos\\vendor\\laravel\\framework\\src\\Illuminate\\Database\\Query\\Builder.php(2137): Illuminate\\Database\\Query\\Builder->runSelect()
#15 D:\\xampp\\htdocs\\salepropos\\vendor\\laravel\\framework\\src\\Illuminate\\Database\\Query\\Builder.php(2609): Illuminate\\Database\\Query\\Builder->Illuminate\\Database\\Query\\{closure}()
#16 D:\\xampp\\htdocs\\salepropos\\vendor\\laravel\\framework\\src\\Illuminate\\Database\\Query\\Builder.php(2138): Illuminate\\Database\\Query\\Builder->onceWithColumns(Array, Object(Closure))
#17 D:\\xampp\\htdocs\\salepropos\\vendor\\laravel\\framework\\src\\Illuminate\\Database\\Concerns\\BuildsQueries.php(143): Illuminate\\Database\\Query\\Builder->get(Array)
#18 D:\\xampp\\htdocs\\salepropos\\app\\Providers\\AppServiceProvider.php(41): Illuminate\\Database\\Query\\Builder->first()
#19 [internal function]: App\\Providers\\AppServiceProvider->boot()
#20 D:\\xampp\\htdocs\\salepropos\\vendor\\laravel\\framework\\src\\Illuminate\\Container\\BoundMethod.php(32): call_user_func_array(Array, Array)
#21 D:\\xampp\\htdocs\\salepropos\\vendor\\laravel\\framework\\src\\Illuminate\\Container\\Util.php(37): Illuminate\\Container\\BoundMethod::Illuminate\\Container\\{closure}()
#22 D:\\xampp\\htdocs\\salepropos\\vendor\\laravel\\framework\\src\\Illuminate\\Container\\BoundMethod.php(90): Illuminate\\Container\\Util::unwrapIfClosure(Object(Closure))
#23 D:\\xampp\\htdocs\\salepropos\\vendor\\laravel\\framework\\src\\Illuminate\\Container\\BoundMethod.php(34): Illuminate\\Container\\BoundMethod::callBoundMethod(Object(Illuminate\\Foundation\\Application), Array, Object(Closure))
#24 D:\\xampp\\htdocs\\salepropos\\vendor\\laravel\\framework\\src\\Illuminate\\Container\\Container.php(590): Illuminate\\Container\\BoundMethod::call(Object(Illuminate\\Foundation\\Application), Array, Array, NULL)
#25 D:\\xampp\\htdocs\\salepropos\\vendor\\laravel\\framework\\src\\Illuminate\\Foundation\\Application.php(856): Illuminate\\Container\\Container->call(Array)
#26 D:\\xampp\\htdocs\\salepropos\\vendor\\laravel\\framework\\src\\Illuminate\\Foundation\\Application.php(839): Illuminate\\Foundation\\Application->bootProvider(Object(App\\Providers\\AppServiceProvider))
#27 [internal function]: Illuminate\\Foundation\\Application->Illuminate\\Foundation\\{closure}(Object(App\\Providers\\AppServiceProvider), 24)
#28 D:\\xampp\\htdocs\\salepropos\\vendor\\laravel\\framework\\src\\Illuminate\\Foundation\\Application.php(840): array_walk(Array, Object(Closure))
#29 D:\\xampp\\htdocs\\salepropos\\vendor\\laravel\\framework\\src\\Illuminate\\Foundation\\Bootstrap\\BootProviders.php(17): Illuminate\\Foundation\\Application->boot()
#30 D:\\xampp\\htdocs\\salepropos\\vendor\\laravel\\framework\\src\\Illuminate\\Foundation\\Application.php(219): Illuminate\\Foundation\\Bootstrap\\BootProviders->bootstrap(Object(Illuminate\\Foundation\\Application))
#31 D:\\xampp\\htdocs\\salepropos\\vendor\\laravel\\framework\\src\\Illuminate\\Foundation\\Http\\Kernel.php(156): Illuminate\\Foundation\\Application->bootstrapWith(Array)
#32 D:\\xampp\\htdocs\\salepropos\\vendor\\laravel\\framework\\src\\Illuminate\\Foundation\\Http\\Kernel.php(140): Illuminate\\Foundation\\Http\\Kernel->bootstrap()
#33 D:\\xampp\\htdocs\\salepropos\\vendor\\laravel\\framework\\src\\Illuminate\\Foundation\\Http\\Kernel.php(110): Illuminate\\Foundation\\Http\\Kernel->sendRequestThroughRouter(Object(Illuminate\\Http\\Request))
#34 D:\\xampp\\htdocs\\salepropos\\index.php(55): Illuminate\\Foundation\\Http\\Kernel->handle(Object(Illuminate\\Http\\Request))
#35 {main}
"} 
[2021-06-14 08:26:44] local.ERROR: SQLSTATE[HY000] [1049] Unknown database 'salepropos' (SQL: select * from `general_settings` order by `created_at` desc limit 1) {"exception":"[object] (Illuminate\\Database\\QueryException(code: 1049): SQLSTATE[HY000] [1049] Unknown database 'salepropos' (SQL: select * from `general_settings` order by `created_at` desc limit 1) at D:\\xampp\\htdocs\\salepropos\\vendor\\laravel\\framework\\src\\Illuminate\\Database\\Connection.php:669)
[stacktrace]
#0 D:\\xampp\\htdocs\\salepropos\\vendor\\laravel\\framework\\src\\Illuminate\\Database\\Connection.php(629): Illuminate\\Database\\Connection->runQueryCallback('select * from `...', Array, Object(Closure))
#1 D:\\xampp\\htdocs\\salepropos\\vendor\\laravel\\framework\\src\\Illuminate\\Database\\Connection.php(338): Illuminate\\Database\\Connection->run('select * from `...', Array, Object(Closure))
#2 D:\\xampp\\htdocs\\salepropos\\vendor\\laravel\\framework\\src\\Illuminate\\Database\\Query\\Builder.php(2149): Illuminate\\Database\\Connection->select('select * from `...', Array, true)
#3 D:\\xampp\\htdocs\\salepropos\\vendor\\laravel\\framework\\src\\Illuminate\\Database\\Query\\Builder.php(2137): Illuminate\\Database\\Query\\Builder->runSelect()
#4 D:\\xampp\\htdocs\\salepropos\\vendor\\laravel\\framework\\src\\Illuminate\\Database\\Query\\Builder.php(2609): Illuminate\\Database\\Query\\Builder->Illuminate\\Database\\Query\\{closure}()
#5 D:\\xampp\\htdocs\\salepropos\\vendor\\laravel\\framework\\src\\Illuminate\\Database\\Query\\Builder.php(2138): Illuminate\\Database\\Query\\Builder->onceWithColumns(Array, Object(Closure))
#6 D:\\xampp\\htdocs\\salepropos\\vendor\\laravel\\framework\\src\\Illuminate\\Database\\Concerns\\BuildsQueries.php(143): Illuminate\\Database\\Query\\Builder->get(Array)
#7 D:\\xampp\\htdocs\\salepropos\\app\\Providers\\AppServiceProvider.php(41): Illuminate\\Database\\Query\\Builder->first()
#8 [internal function]: App\\Providers\\AppServiceProvider->boot()
#9 D:\\xampp\\htdocs\\salepropos\\vendor\\laravel\\framework\\src\\Illuminate\\Container\\BoundMethod.php(32): call_user_func_array(Array, Array)
#10 D:\\xampp\\htdocs\\salepropos\\vendor\\laravel\\framework\\src\\Illuminate\\Container\\Util.php(37): Illuminate\\Container\\BoundMethod::Illuminate\\Container\\{closure}()
#11 D:\\xampp\\htdocs\\salepropos\\vendor\\laravel\\framework\\src\\Illuminate\\Container\\BoundMethod.php(90): Illuminate\\Container\\Util::unwrapIfClosure(Object(Closure))
#12 D:\\xampp\\htdocs\\salepropos\\vendor\\laravel\\framework\\src\\Illuminate\\Container\\BoundMethod.php(34): Illuminate\\Container\\BoundMethod::callBoundMethod(Object(Illuminate\\Foundation\\Application), Array, Object(Closure))
#13 D:\\xampp\\htdocs\\salepropos\\vendor\\laravel\\framework\\src\\Illuminate\\Container\\Container.php(590): Illuminate\\Container\\BoundMethod::call(Object(Illuminate\\Foundation\\Application), Array, Array, NULL)
#14 D:\\xampp\\htdocs\\salepropos\\vendor\\laravel\\framework\\src\\Illuminate\\Foundation\\Application.php(856): Illuminate\\Container\\Container->call(Array)
#15 D:\\xampp\\htdocs\\salepropos\\vendor\\laravel\\framework\\src\\Illuminate\\Foundation\\Application.php(839): Illuminate\\Foundation\\Application->bootProvider(Object(App\\Providers\\AppServiceProvider))
#16 [internal function]: Illuminate\\Foundation\\Application->Illuminate\\Foundation\\{closure}(Object(App\\Providers\\AppServiceProvider), 24)
#17 D:\\xampp\\htdocs\\salepropos\\vendor\\laravel\\framework\\src\\Illuminate\\Foundation\\Application.php(840): array_walk(Array, Object(Closure))
#18 D:\\xampp\\htdocs\\salepropos\\vendor\\laravel\\framework\\src\\Illuminate\\Foundation\\Bootstrap\\BootProviders.php(17): Illuminate\\Foundation\\Application->boot()
#19 D:\\xampp\\htdocs\\salepropos\\vendor\\laravel\\framework\\src\\Illuminate\\Foundation\\Application.php(219): Illuminate\\Foundation\\Bootstrap\\BootProviders->bootstrap(Object(Illuminate\\Foundation\\Application))
#20 D:\\xampp\\htdocs\\salepropos\\vendor\\laravel\\framework\\src\\Illuminate\\Foundation\\Http\\Kernel.php(156): Illuminate\\Foundation\\Application->bootstrapWith(Array)
#21 D:\\xampp\\htdocs\\salepropos\\vendor\\laravel\\framework\\src\\Illuminate\\Foundation\\Http\\Kernel.php(140): Illuminate\\Foundation\\Http\\Kernel->bootstrap()
#22 D:\\xampp\\htdocs\\salepropos\\vendor\\laravel\\framework\\src\\Illuminate\\Foundation\\Http\\Kernel.php(110): Illuminate\\Foundation\\Http\\Kernel->sendRequestThroughRouter(Object(Illuminate\\Http\\Request))
#23 D:\\xampp\\htdocs\\salepropos\\index.php(55): Illuminate\\Foundation\\Http\\Kernel->handle(Object(Illuminate\\Http\\Request))
#24 {main}

[previous exception] [object] (Doctrine\\DBAL\\Driver\\PDO\\Exception(code: 1049): SQLSTATE[HY000] [1049] Unknown database 'salepropos' at D:\\xampp\\htdocs\\salepropos\\vendor\\doctrine\\dbal\\lib\\Doctrine\\DBAL\\Driver\\PDO\\Exception.php:18)
[stacktrace]
#0 D:\\xampp\\htdocs\\salepropos\\vendor\\doctrine\\dbal\\lib\\Doctrine\\DBAL\\Driver\\PDOConnection.php(41): Doctrine\\DBAL\\Driver\\PDO\\Exception::new(Object(PDOException))
#1 D:\\xampp\\htdocs\\salepropos\\vendor\\laravel\\framework\\src\\Illuminate\\Database\\Connectors\\Connector.php(67): Doctrine\\DBAL\\Driver\\PDOConnection->__construct('mysql:host=127....', 'root', '', Array)
#2 D:\\xampp\\htdocs\\salepropos\\vendor\\laravel\\framework\\src\\Illuminate\\Database\\Connectors\\Connector.php(46): Illuminate\\Database\\Connectors\\Connector->createPdoConnection('mysql:host=127....', 'root', '', Array)
#3 D:\\xampp\\htdocs\\salepropos\\vendor\\laravel\\framework\\src\\Illuminate\\Database\\Connectors\\MySqlConnector.php(24): Illuminate\\Database\\Connectors\\Connector->createConnection('mysql:host=127....', Array, Array)
#4 D:\\xampp\\htdocs\\salepropos\\vendor\\laravel\\framework\\src\\Illuminate\\Database\\Connectors\\ConnectionFactory.php(182): Illuminate\\Database\\Connectors\\MySqlConnector->connect(Array)
#5 [internal function]: Illuminate\\Database\\Connectors\\ConnectionFactory->Illuminate\\Database\\Connectors\\{closure}()
#6 D:\\xampp\\htdocs\\salepropos\\vendor\\laravel\\framework\\src\\Illuminate\\Database\\Connection.php(924): call_user_func(Object(Closure))
#7 D:\\xampp\\htdocs\\salepropos\\vendor\\laravel\\framework\\src\\Illuminate\\Database\\Connection.php(959): Illuminate\\Database\\Connection->getPdo()
#8 D:\\xampp\\htdocs\\salepropos\\vendor\\laravel\\framework\\src\\Illuminate\\Database\\Connection.php(404): Illuminate\\Database\\Connection->getReadPdo()
#9 D:\\xampp\\htdocs\\salepropos\\vendor\\laravel\\framework\\src\\Illuminate\\Database\\Connection.php(330): Illuminate\\Database\\Connection->getPdoForSelect(true)
#10 D:\\xampp\\htdocs\\salepropos\\vendor\\laravel\\framework\\src\\Illuminate\\Database\\Connection.php(662): Illuminate\\Database\\Connection->Illuminate\\Database\\{closure}('select * from `...', Array)
#11 D:\\xampp\\htdocs\\salepropos\\vendor\\laravel\\framework\\src\\Illuminate\\Database\\Connection.php(629): Illuminate\\Database\\Connection->runQueryCallback('select * from `...', Array, Object(Closure))
#12 D:\\xampp\\htdocs\\salepropos\\vendor\\laravel\\framework\\src\\Illuminate\\Database\\Connection.php(338): Illuminate\\Database\\Connection->run('select * from `...', Array, Object(Closure))
#13 D:\\xampp\\htdocs\\salepropos\\vendor\\laravel\\framework\\src\\Illuminate\\Database\\Query\\Builder.php(2149): Illuminate\\Database\\Connection->select('select * from `...', Array, true)
#14 D:\\xampp\\htdocs\\salepropos\\vendor\\laravel\\framework\\src\\Illuminate\\Database\\Query\\Builder.php(2137): Illuminate\\Database\\Query\\Builder->runSelect()
#15 D:\\xampp\\htdocs\\salepropos\\vendor\\laravel\\framework\\src\\Illuminate\\Database\\Query\\Builder.php(2609): Illuminate\\Database\\Query\\Builder->Illuminate\\Database\\Query\\{closure}()
#16 D:\\xampp\\htdocs\\salepropos\\vendor\\laravel\\framework\\src\\Illuminate\\Database\\Query\\Builder.php(2138): Illuminate\\Database\\Query\\Builder->onceWithColumns(Array, Object(Closure))
#17 D:\\xampp\\htdocs\\salepropos\\vendor\\laravel\\framework\\src\\Illuminate\\Database\\Concerns\\BuildsQueries.php(143): Illuminate\\Database\\Query\\Builder->get(Array)
#18 D:\\xampp\\htdocs\\salepropos\\app\\Providers\\AppServiceProvider.php(41): Illuminate\\Database\\Query\\Builder->first()
#19 [internal function]: App\\Providers\\AppServiceProvider->boot()
#20 D:\\xampp\\htdocs\\salepropos\\vendor\\laravel\\framework\\src\\Illuminate\\Container\\BoundMethod.php(32): call_user_func_array(Array, Array)
#21 D:\\xampp\\htdocs\\salepropos\\vendor\\laravel\\framework\\src\\Illuminate\\Container\\Util.php(37): Illuminate\\Container\\BoundMethod::Illuminate\\Container\\{closure}()
#22 D:\\xampp\\htdocs\\salepropos\\vendor\\laravel\\framework\\src\\Illuminate\\Container\\BoundMethod.php(90): Illuminate\\Container\\Util::unwrapIfClosure(Object(Closure))
#23 D:\\xampp\\htdocs\\salepropos\\vendor\\laravel\\framework\\src\\Illuminate\\Container\\BoundMethod.php(34): Illuminate\\Container\\BoundMethod::callBoundMethod(Object(Illuminate\\Foundation\\Application), Array, Object(Closure))
#24 D:\\xampp\\htdocs\\salepropos\\vendor\\laravel\\framework\\src\\Illuminate\\Container\\Container.php(590): Illuminate\\Container\\BoundMethod::call(Object(Illuminate\\Foundation\\Application), Array, Array, NULL)
#25 D:\\xampp\\htdocs\\salepropos\\vendor\\laravel\\framework\\src\\Illuminate\\Foundation\\Application.php(856): Illuminate\\Container\\Container->call(Array)
#26 D:\\xampp\\htdocs\\salepropos\\vendor\\laravel\\framework\\src\\Illuminate\\Foundation\\Application.php(839): Illuminate\\Foundation\\Application->bootProvider(Object(App\\Providers\\AppServiceProvider))
#27 [internal function]: Illuminate\\Foundation\\Application->Illuminate\\Foundation\\{closure}(Object(App\\Providers\\AppServiceProvider), 24)
#28 D:\\xampp\\htdocs\\salepropos\\vendor\\laravel\\framework\\src\\Illuminate\\Foundation\\Application.php(840): array_walk(Array, Object(Closure))
#29 D:\\xampp\\htdocs\\salepropos\\vendor\\laravel\\framework\\src\\Illuminate\\Foundation\\Bootstrap\\BootProviders.php(17): Illuminate\\Foundation\\Application->boot()
#30 D:\\xampp\\htdocs\\salepropos\\vendor\\laravel\\framework\\src\\Illuminate\\Foundation\\Application.php(219): Illuminate\\Foundation\\Bootstrap\\BootProviders->bootstrap(Object(Illuminate\\Foundation\\Application))
#31 D:\\xampp\\htdocs\\salepropos\\vendor\\laravel\\framework\\src\\Illuminate\\Foundation\\Http\\Kernel.php(156): Illuminate\\Foundation\\Application->bootstrapWith(Array)
#32 D:\\xampp\\htdocs\\salepropos\\vendor\\laravel\\framework\\src\\Illuminate\\Foundation\\Http\\Kernel.php(140): Illuminate\\Foundation\\Http\\Kernel->bootstrap()
#33 D:\\xampp\\htdocs\\salepropos\\vendor\\laravel\\framework\\src\\Illuminate\\Foundation\\Http\\Kernel.php(110): Illuminate\\Foundation\\Http\\Kernel->sendRequestThroughRouter(Object(Illuminate\\Http\\Request))
#34 D:\\xampp\\htdocs\\salepropos\\index.php(55): Illuminate\\Foundation\\Http\\Kernel->handle(Object(Illuminate\\Http\\Request))
#35 {main}

[previous exception] [object] (PDOException(code: 1049): SQLSTATE[HY000] [1049] Unknown database 'salepropos' at D:\\xampp\\htdocs\\salepropos\\vendor\\doctrine\\dbal\\lib\\Doctrine\\DBAL\\Driver\\PDOConnection.php:37)
[stacktrace]
#0 D:\\xampp\\htdocs\\salepropos\\vendor\\doctrine\\dbal\\lib\\Doctrine\\DBAL\\Driver\\PDOConnection.php(37): PDO->__construct('mysql:host=127....', 'root', '', Array)
#1 D:\\xampp\\htdocs\\salepropos\\vendor\\laravel\\framework\\src\\Illuminate\\Database\\Connectors\\Connector.php(67): Doctrine\\DBAL\\Driver\\PDOConnection->__construct('mysql:host=127....', 'root', '', Array)
#2 D:\\xampp\\htdocs\\salepropos\\vendor\\laravel\\framework\\src\\Illuminate\\Database\\Connectors\\Connector.php(46): Illuminate\\Database\\Connectors\\Connector->createPdoConnection('mysql:host=127....', 'root', '', Array)
#3 D:\\xampp\\htdocs\\salepropos\\vendor\\laravel\\framework\\src\\Illuminate\\Database\\Connectors\\MySqlConnector.php(24): Illuminate\\Database\\Connectors\\Connector->createConnection('mysql:host=127....', Array, Array)
#4 D:\\xampp\\htdocs\\salepropos\\vendor\\laravel\\framework\\src\\Illuminate\\Database\\Connectors\\ConnectionFactory.php(182): Illuminate\\Database\\Connectors\\MySqlConnector->connect(Array)
#5 [internal function]: Illuminate\\Database\\Connectors\\ConnectionFactory->Illuminate\\Database\\Connectors\\{closure}()
#6 D:\\xampp\\htdocs\\salepropos\\vendor\\laravel\\framework\\src\\Illuminate\\Database\\Connection.php(924): call_user_func(Object(Closure))
#7 D:\\xampp\\htdocs\\salepropos\\vendor\\laravel\\framework\\src\\Illuminate\\Database\\Connection.php(959): Illuminate\\Database\\Connection->getPdo()
#8 D:\\xampp\\htdocs\\salepropos\\vendor\\laravel\\framework\\src\\Illuminate\\Database\\Connection.php(404): Illuminate\\Database\\Connection->getReadPdo()
#9 D:\\xampp\\htdocs\\salepropos\\vendor\\laravel\\framework\\src\\Illuminate\\Database\\Connection.php(330): Illuminate\\Database\\Connection->getPdoForSelect(true)
#10 D:\\xampp\\htdocs\\salepropos\\vendor\\laravel\\framework\\src\\Illuminate\\Database\\Connection.php(662): Illuminate\\Database\\Connection->Illuminate\\Database\\{closure}('select * from `...', Array)
#11 D:\\xampp\\htdocs\\salepropos\\vendor\\laravel\\framework\\src\\Illuminate\\Database\\Connection.php(629): Illuminate\\Database\\Connection->runQueryCallback('select * from `...', Array, Object(Closure))
#12 D:\\xampp\\htdocs\\salepropos\\vendor\\laravel\\framework\\src\\Illuminate\\Database\\Connection.php(338): Illuminate\\Database\\Connection->run('select * from `...', Array, Object(Closure))
#13 D:\\xampp\\htdocs\\salepropos\\vendor\\laravel\\framework\\src\\Illuminate\\Database\\Query\\Builder.php(2149): Illuminate\\Database\\Connection->select('select * from `...', Array, true)
#14 D:\\xampp\\htdocs\\salepropos\\vendor\\laravel\\framework\\src\\Illuminate\\Database\\Query\\Builder.php(2137): Illuminate\\Database\\Query\\Builder->runSelect()
#15 D:\\xampp\\htdocs\\salepropos\\vendor\\laravel\\framework\\src\\Illuminate\\Database\\Query\\Builder.php(2609): Illuminate\\Database\\Query\\Builder->Illuminate\\Database\\Query\\{closure}()
#16 D:\\xampp\\htdocs\\salepropos\\vendor\\laravel\\framework\\src\\Illuminate\\Database\\Query\\Builder.php(2138): Illuminate\\Database\\Query\\Builder->onceWithColumns(Array, Object(Closure))
#17 D:\\xampp\\htdocs\\salepropos\\vendor\\laravel\\framework\\src\\Illuminate\\Database\\Concerns\\BuildsQueries.php(143): Illuminate\\Database\\Query\\Builder->get(Array)
#18 D:\\xampp\\htdocs\\salepropos\\app\\Providers\\AppServiceProvider.php(41): Illuminate\\Database\\Query\\Builder->first()
#19 [internal function]: App\\Providers\\AppServiceProvider->boot()
#20 D:\\xampp\\htdocs\\salepropos\\vendor\\laravel\\framework\\src\\Illuminate\\Container\\BoundMethod.php(32): call_user_func_array(Array, Array)
#21 D:\\xampp\\htdocs\\salepropos\\vendor\\laravel\\framework\\src\\Illuminate\\Container\\Util.php(37): Illuminate\\Container\\BoundMethod::Illuminate\\Container\\{closure}()
#22 D:\\xampp\\htdocs\\salepropos\\vendor\\laravel\\framework\\src\\Illuminate\\Container\\BoundMethod.php(90): Illuminate\\Container\\Util::unwrapIfClosure(Object(Closure))
#23 D:\\xampp\\htdocs\\salepropos\\vendor\\laravel\\framework\\src\\Illuminate\\Container\\BoundMethod.php(34): Illuminate\\Container\\BoundMethod::callBoundMethod(Object(Illuminate\\Foundation\\Application), Array, Object(Closure))
#24 D:\\xampp\\htdocs\\salepropos\\vendor\\laravel\\framework\\src\\Illuminate\\Container\\Container.php(590): Illuminate\\Container\\BoundMethod::call(Object(Illuminate\\Foundation\\Application), Array, Array, NULL)
#25 D:\\xampp\\htdocs\\salepropos\\vendor\\laravel\\framework\\src\\Illuminate\\Foundation\\Application.php(856): Illuminate\\Container\\Container->call(Array)
#26 D:\\xampp\\htdocs\\salepropos\\vendor\\laravel\\framework\\src\\Illuminate\\Foundation\\Application.php(839): Illuminate\\Foundation\\Application->bootProvider(Object(App\\Providers\\AppServiceProvider))
#27 [internal function]: Illuminate\\Foundation\\Application->Illuminate\\Foundation\\{closure}(Object(App\\Providers\\AppServiceProvider), 24)
#28 D:\\xampp\\htdocs\\salepropos\\vendor\\laravel\\framework\\src\\Illuminate\\Foundation\\Application.php(840): array_walk(Array, Object(Closure))
#29 D:\\xampp\\htdocs\\salepropos\\vendor\\laravel\\framework\\src\\Illuminate\\Foundation\\Bootstrap\\BootProviders.php(17): Illuminate\\Foundation\\Application->boot()
#30 D:\\xampp\\htdocs\\salepropos\\vendor\\laravel\\framework\\src\\Illuminate\\Foundation\\Application.php(219): Illuminate\\Foundation\\Bootstrap\\BootProviders->bootstrap(Object(Illuminate\\Foundation\\Application))
#31 D:\\xampp\\htdocs\\salepropos\\vendor\\laravel\\framework\\src\\Illuminate\\Foundation\\Http\\Kernel.php(156): Illuminate\\Foundation\\Application->bootstrapWith(Array)
#32 D:\\xampp\\htdocs\\salepropos\\vendor\\laravel\\framework\\src\\Illuminate\\Foundation\\Http\\Kernel.php(140): Illuminate\\Foundation\\Http\\Kernel->bootstrap()
#33 D:\\xampp\\htdocs\\salepropos\\vendor\\laravel\\framework\\src\\Illuminate\\Foundation\\Http\\Kernel.php(110): Illuminate\\Foundation\\Http\\Kernel->sendRequestThroughRouter(Object(Illuminate\\Http\\Request))
#34 D:\\xampp\\htdocs\\salepropos\\index.php(55): Illuminate\\Foundation\\Http\\Kernel->handle(Object(Illuminate\\Http\\Request))
#35 {main}
"} 
